# JRE version: OpenJDK Runtime Environment (8.0_242-b01) (build 1.8.0_242-release-1644-b01)
# Java VM: OpenJDK 64-Bit Server VM (25.242-b01 mixed mode windows-amd64 compressed oops)
Heap:
 PSYoungGen      total 302592K, used 6520K [0x00000000dad80000, 0x00000000ef480000, 0x0000000100000000)
  eden space 291328K, 2% used [0x00000000dad80000,0x00000000db3de320,0x00000000eca00000)
  from space 11264K, 0% used [0x00000000ede80000,0x00000000ede80000,0x00000000ee980000)
  to   space 9728K, 0% used [0x00000000eeb00000,0x00000000eeb00000,0x00000000ef480000)
 ParOldGen       total 137728K, used 65092K [0x0000000090800000, 0x0000000098e80000, 0x00000000dad80000)
  object space 137728K, 47% used [0x0000000090800000,0x0000000094791188,0x0000000098e80000)
 Metaspace       used 53882K, capacity 59718K, committed 60032K, reserved 1103872K
  class space    used 6163K, capacity 7992K, committed 8064K, reserved 1048576K
GC Heap History (10 events):
Event: 39.347 GC heap before
{Heap before GC invocations=19 (full 2):
 PSYoungGen      total 258048K, used 194047K [0x00000000dad80000, 0x00000000eb400000, 0x0000000100000000)
  eden space 250368K, 75% used [0x00000000dad80000,0x00000000e65bfbe8,0x00000000ea200000)
  from space 7680K, 70% used [0x00000000eac80000,0x00000000eb1c0238,0x00000000eb400000)
  to   space 9216K, 0% used [0x00000000ea200000,0x00000000ea200000,0x00000000eab00000)
 ParOldGen       total 117248K, used 47239K [0x0000000090800000, 0x0000000097a80000, 0x00000000dad80000)
  object space 117248K, 40% used [0x0000000090800000,0x0000000093621fc0,0x0000000097a80000)
 Metaspace       used 41768K, capacity 46043K, committed 46080K, reserved 1089536K
  class space    used 4594K, capacity 5989K, committed 6016K, reserved 1048576K
Event: 39.380 GC heap after
Heap after GC invocations=19 (full 2):
 PSYoungGen      total 259584K, used 7482K [0x00000000dad80000, 0x00000000ef480000, 0x0000000100000000)
  eden space 250368K, 0% used [0x00000000dad80000,0x00000000dad80000,0x00000000ea200000)
  from space 9216K, 81% used [0x00000000ea200000,0x00000000ea94eb28,0x00000000eab00000)
  to   space 9728K, 0% used [0x00000000eeb00000,0x00000000eeb00000,0x00000000ef480000)
 ParOldGen       total 117248K, used 49765K [0x0000000090800000, 0x0000000097a80000, 0x00000000dad80000)
  object space 117248K, 42% used [0x0000000090800000,0x00000000938997f0,0x0000000097a80000)
 Metaspace       used 41768K, capacity 46043K, committed 46080K, reserved 1089536K
  class space    used 4594K, capacity 5989K, committed 6016K, reserved 1048576K
}
Event: 39.380 GC heap before
{Heap before GC invocations=20 (full 3):
 PSYoungGen      total 259584K, used 7482K [0x00000000dad80000, 0x00000000ef480000, 0x0000000100000000)
  eden space 250368K, 0% used [0x00000000dad80000,0x00000000dad80000,0x00000000ea200000)
  from space 9216K, 81% used [0x00000000ea200000,0x00000000ea94eb28,0x00000000eab00000)
  to   space 9728K, 0% used [0x00000000eeb00000,0x00000000eeb00000,0x00000000ef480000)
 ParOldGen       total 117248K, used 49765K [0x0000000090800000, 0x0000000097a80000, 0x00000000dad80000)
  object space 117248K, 42% used [0x0000000090800000,0x00000000938997f0,0x0000000097a80000)
 Metaspace       used 41768K, capacity 46043K, committed 46080K, reserved 1089536K
  class space    used 4594K, capacity 5989K, committed 6016K, reserved 1048576K
Event: 40.268 GC heap after
Heap after GC invocations=20 (full 3):
 PSYoungGen      total 259584K, used 0K [0x00000000dad80000, 0x00000000ef480000, 0x0000000100000000)
  eden space 250368K, 0% used [0x00000000dad80000,0x00000000dad80000,0x00000000ea200000)
  from space 9216K, 0% used [0x00000000ea200000,0x00000000ea200000,0x00000000eab00000)
  to   space 9728K, 0% used [0x00000000eeb00000,0x00000000eeb00000,0x00000000ef480000)
 ParOldGen       total 137728K, used 55042K [0x0000000090800000, 0x0000000098e80000, 0x00000000dad80000)
  object space 137728K, 39% used [0x0000000090800000,0x0000000093dc08f8,0x0000000098e80000)
 Metaspace       used 41768K, capacity 46043K, committed 46080K, reserved 1089536K
  class space    used 4594K, capacity 5989K, committed 6016K, reserved 1048576K
}
Event: 46.885 GC heap before
{Heap before GC invocations=21 (full 3):
 PSYoungGen      total 259584K, used 250368K [0x00000000dad80000, 0x00000000ef480000, 0x0000000100000000)
  eden space 250368K, 100% used [0x00000000dad80000,0x00000000ea200000,0x00000000ea200000)
  from space 9216K, 0% used [0x00000000ea200000,0x00000000ea200000,0x00000000eab00000)
  to   space 9728K, 0% used [0x00000000eeb00000,0x00000000eeb00000,0x00000000ef480000)
 ParOldGen       total 137728K, used 55042K [0x0000000090800000, 0x0000000098e80000, 0x00000000dad80000)
  object space 137728K, 39% used [0x0000000090800000,0x0000000093dc08f8,0x0000000098e80000)
 Metaspace       used 48191K, capacity 53672K, committed 53760K, reserved 1095680K
  class space    used 5660K, capacity 7361K, committed 7424K, reserved 1048576K
Event: 47.010 GC heap after
Heap after GC invocations=21 (full 3):
 PSYoungGen      total 301056K, used 9570K [0x00000000dad80000, 0x00000000ef480000, 0x0000000100000000)
  eden space 291328K, 0% used [0x00000000dad80000,0x00000000dad80000,0x00000000eca00000)
  from space 9728K, 98% used [0x00000000eeb00000,0x00000000ef458988,0x00000000ef480000)
  to   space 11264K, 0% used [0x00000000ede80000,0x00000000ede80000,0x00000000ee980000)
 ParOldGen       total 137728K, used 55050K [0x0000000090800000, 0x0000000098e80000, 0x00000000dad80000)
  object space 137728K, 39% used [0x0000000090800000,0x0000000093dc28f8,0x0000000098e80000)
 Metaspace       used 48191K, capacity 53672K, committed 53760K, reserved 1095680K
  class space    used 5660K, capacity 7361K, committed 7424K, reserved 1048576K
}
Event: 51.831 GC heap before
{Heap before GC invocations=22 (full 3):
 PSYoungGen      total 301056K, used 246914K [0x00000000dad80000, 0x00000000ef480000, 0x0000000100000000)
  eden space 291328K, 81% used [0x00000000dad80000,0x00000000e9547e80,0x00000000eca00000)
  from space 9728K, 98% used [0x00000000eeb00000,0x00000000ef458988,0x00000000ef480000)
  to   space 11264K, 0% used [0x00000000ede80000,0x00000000ede80000,0x00000000ee980000)
 ParOldGen       total 137728K, used 55050K [0x0000000090800000, 0x0000000098e80000, 0x00000000dad80000)
  object space 137728K, 39% used [0x0000000090800000,0x0000000093dc28f8,0x0000000098e80000)
 Metaspace       used 53826K, capacity 59654K, committed 59776K, reserved 1107968K
  class space    used 6156K, capacity 7992K, committed 8064K, reserved 1048576K
Event: 52.243 GC heap after
Heap after GC invocations=22 (full 3):
 PSYoungGen      total 302592K, used 11251K [0x00000000dad80000, 0x00000000ef480000, 0x0000000100000000)
  eden space 291328K, 0% used [0x00000000dad80000,0x00000000dad80000,0x00000000eca00000)
  from space 11264K, 99% used [0x00000000ede80000,0x00000000ee97ccc8,0x00000000ee980000)
  to   space 9728K, 0% used [0x00000000eeb00000,0x00000000eeb00000,0x00000000ef480000)
 ParOldGen       total 137728K, used 56263K [0x0000000090800000, 0x0000000098e80000, 0x00000000dad80000)
  object space 137728K, 40% used [0x0000000090800000,0x0000000093ef1d98,0x0000000098e80000)
 Metaspace       used 53826K, capacity 59654K, committed 59776K, reserved 1107968K
  class space    used 6156K, capacity 7992K, committed 8064K, reserved 1048576K
}
Event: 52.243 GC heap before
{Heap before GC invocations=23 (full 4):
 PSYoungGen      total 302592K, used 11251K [0x00000000dad80000, 0x00000000ef480000, 0x0000000100000000)
  eden space 291328K, 0% used [0x00000000dad80000,0x00000000dad80000,0x00000000eca00000)
  from space 11264K, 99% used [0x00000000ede80000,0x00000000ee97ccc8,0x00000000ee980000)
  to   space 9728K, 0% used [0x00000000eeb00000,0x00000000eeb00000,0x00000000ef480000)
 ParOldGen       total 137728K, used 56263K [0x0000000090800000, 0x0000000098e80000, 0x00000000dad80000)
  object space 137728K, 40% used [0x0000000090800000,0x0000000093ef1d98,0x0000000098e80000)
 Metaspace       used 53826K, capacity 59654K, committed 59776K, reserved 1107968K
  class space    used 6156K, capacity 7992K, committed 8064K, reserved 1048576K
Event: 54.935 GC heap after
Heap after GC invocations=23 (full 4):
 PSYoungGen      total 302592K, used 0K [0x00000000dad80000, 0x00000000ef480000, 0x0000000100000000)
  eden space 291328K, 0% used [0x00000000dad80000,0x00000000dad80000,0x00000000eca00000)
  from space 11264K, 0% used [0x00000000ede80000,0x00000000ede80000,0x00000000ee980000)
  to   space 9728K, 0% used [0x00000000eeb00000,0x00000000eeb00000,0x00000000ef480000)
 ParOldGen       total 137728K, used 65092K [0x0000000090800000, 0x0000000098e80000, 0x00000000dad80000)
  object space 137728K, 47% used [0x0000000090800000,0x0000000094791188,0x0000000098e80000)
 Metaspace       used 53826K, capacity 59654K, committed 59776K, reserved 1103872K
  class space    used 6156K, capacity 7992K, committed 8064K, reserved 1048576K
}

